<?xml version="1.0" encoding="UTF-8"?>
<coverage generated="1786661578807" clover="3.2.0">
  <project timestamp="1786661578807" name="All files">
    <metrics statements="16836" coveredstatements="3949" conditionals="13343" coveredconditionals="1633" methods="2611" coveredmethods="451" elements="32790" coveredelements="6033" complexity="0" loc="16836" ncloc="16836" packages="28" files="59" classes="59"/>
    <package name="dist">
      <metrics statements="14561" coveredstatements="2449" conditionals="11777" coveredconditionals="896" methods="2280" coveredmethods="210"/>
      <file name="index.js" path="/home/jenkins/agent/workspace/_glider_isomorphic-rollup_master/target/checkout/dist/index.js">
        <metrics statements="14561" coveredstatements="2449" conditionals="11777" coveredconditionals="896" methods="2280" coveredmethods="210"/>
        <line num="3" count="1" type="stmt"/>
        <line num="4" count="1" type="stmt"/>
        <line num="5" count="1" type="stmt"/>
        <line num="6" count="1" type="stmt"/>
        <line num="7" count="1" type="stmt"/>
        <line num="8" count="1" type="stmt"/>
        <line num="9" count="1" type="stmt"/>
        <line num="10" count="1" type="stmt"/>
        <line num="11" count="1" type="stmt"/>
        <line num="12" count="1" type="stmt"/>
        <line num="13" count="1" type="stmt"/>
        <line num="14" count="1" type="stmt"/>
        <line num="15" count="1" type="stmt"/>
        <line num="16" count="1" type="stmt"/>
        <line num="17" count="1" type="stmt"/>
        <line num="18" count="1" type="stmt"/>
        <line num="20" count="1" type="cond" truecount="1" falsecount="1"/>
        <line num="22" count="5" type="stmt"/>
        <line num="23" count="5" type="cond" truecount="1" falsecount="1"/>
        <line num="24" count="5" type="stmt"/>
        <line num="25" count="160" type="cond" truecount="1" falsecount="1"/>
        <line num="26" count="160" type="stmt"/>
        <line num="27" count="160" type="cond" truecount="2" falsecount="0"/>
        <line num="29" count="8" type="stmt"/>
        <line num="34" count="5" type="stmt"/>
        <line num="35" count="5" type="stmt"/>
        <line num="38" count="1" type="stmt"/>
        <line num="39" count="1" type="stmt"/>
        <line num="41" count="1" type="cond" truecount="1" falsecount="7"/>
        <line num="44" count="16" type="cond" truecount="4" falsecount="1"/>
        <line num="51" count="0" type="cond" truecount="0" falsecount="2"/>
        <line num="52" count="0" type="stmt"/>
        <line num="55" count="0" type="cond" truecount="0" falsecount="2"/>
        <line num="56" count="0" type="stmt"/>
        <line num="62" count="0" type="stmt"/>
        <line num="63" count="0" type="stmt"/>
        <line num="64" count="0" type="stmt"/>
        <line num="65" count="0" type="stmt"/>
        <line num="67" count="0" type="stmt"/>
        <line num="68" count="0" type="cond" truecount="0" falsecount="2"/>
        <line num="69" count="0" type="stmt"/>
        <line num="70" count="0" type="cond" truecount="0" falsecount="2"/>
        <line num="71" count="0" type="stmt"/>
        <line num="73" count="0" type="stmt"/>
        <line num="74" count="0" type="cond" truecount="0" falsecount="2"/>
        <line num="75" count="0" type="cond" truecount="0" falsecount="8"/>
        <line num="76" count="0" type="cond" truecount="0" falsecount="6"/>
        <line num="77" count="0" type="cond" truecount="0" falsecount="2"/>
        <line num="78" count="0" type="stmt"/>
        <line num="79" count="0" type="cond" truecount="0" falsecount="2"/>
        <line num="80" count="0" type="cond" truecount="0" falsecount="2"/>
        <line num="81" count="0" type="stmt"/>
        <line num="82" count="0" type="stmt"/>
        <line num="84" count="0" type="stmt"/>
        <line num="85" count="0" type="stmt"/>
        <line num="87" count="0" type="stmt"/>
        <line num="88" count="0" type="stmt"/>
        <line num="89" count="0" type="stmt"/>
        <line num="91" count="0" type="cond" truecount="0" falsecount="4"/>
        <line num="92" count="0" type="stmt"/>
        <line num="93" count="0" type="stmt"/>
        <line num="94" count="0" type="stmt"/>
        <line num="95" count="0" type="stmt"/>
        <line num="96" count="0" type="stmt"/>
        <line num="99" count="0" type="cond" truecount="0" falsecount="2"/>
        <line num="100" count="0" type="cond" truecount="0" falsecount="2"/>
        <line num="101" count="0" type="stmt"/>
        <line num="103" count="0" type="stmt"/>
        <line num="104" count="0" type="stmt"/>
        <line num="107" count="0" type="cond" truecount="0" falsecount="2"/>
        <line num="108" count="0" type="stmt"/>
        <line num="110" count="0" type="stmt"/>
        <line num="111" count="0" type="stmt"/>
        <line num="113" count="0" type="stmt"/>
        <line num="114" count="0" type="stmt"/>
        <line num="115" count="0" type="cond" truecount="0" falsecount="4"/>
        <line num="116" count="0" type="stmt"/>
        <line num="118" count="0" type="stmt"/>
        <line num="121" count="0" type="stmt"/>
        <line num="125" count="0" type="cond" truecount="0" falsecount="2"/>
        <line num="126" count="0" type="cond" truecount="0" falsecount="6"/>
        <line num="127" count="0" type="cond" truecount="0" falsecount="2"/>
        <line num="128" count="0" type="stmt"/>
        <line num="130" count="0" type="cond" truecount="0" falsecount="2"/>
        <line num="131" count="0" type="stmt"/>
        <line num="133" count="0" type="stmt"/>
        <line num="136" count="0" type="stmt"/>
        <line num="139" count="0" type="stmt"/>
        <line num="140" count="0" type="stmt"/>
        <line num="143" count="0" type="cond" truecount="0" falsecount="2"/>
        <line num="145" count="0" type="cond" truecount="0" falsecount="2"/>
        <line num="146" count="0" type="stmt"/>
        <line num="148" count="0" type="cond" truecount="0" falsecount="2"/>
        <line num="149" count="0" type="stmt"/>
        <line num="150" count="0" type="stmt"/>
        <line num="153" count="0" type="stmt"/>
        <line num="156" count="0" type="cond" truecount="0" falsecount="2"/>
        <line num="157" count="0" type="stmt"/>
        <line num="160" count="0" type="stmt"/>
        <line num="161" count="0" type="stmt"/>
        <line num="168" count="0" type="stmt"/>
        <line num="170" count="0" type="cond" truecount="0" falsecount="2"/>
        <line num="171" count="0" type="cond" truecount="0" falsecount="2"/>
        <line num="172" count="0" type="stmt"/>
        <line num="174" count="0" type="stmt"/>
        <line num="175" count="0" type="cond" truecount="0" falsecount="2"/>
        <line num="176" count="0" type="stmt"/>
        <line num="178" count="0" type="stmt"/>
        <line num="183" count="0" type="stmt"/>
        <line num="185" count="0" type="cond" truecount="0" falsecount="2"/>
        <line num="187" count="0" type="stmt"/>
        <line num="188" count="0" type="stmt"/>
        <line num="191" count="0" type="stmt"/>
        <line num="193" count="0" type="cond" truecount="0" falsecount="4"/>
        <line num="194" count="0" type="cond" truecount="0" falsecount="4"/>
        <line num="196" count="0" type="cond" truecount="0" falsecount="2"/>
        <line num="197" count="0" type="stmt"/>
        <line num="201" count="0" type="stmt"/>
        <line num="202" count="0" type="cond" truecount="0" falsecount="2"/>
        <line num="206" count="0" type="cond" truecount="0" falsecount="2"/>
        <line num="207" count="0" type="stmt"/>
        <line num="209" count="0" type="stmt"/>
        <line num="210" count="0" type="stmt"/>
        <line num="211" count="0" type="stmt"/>
        <line num="212" count="0" type="cond" truecount="0" falsecount="2"/>
        <line num="213" count="0" type="cond" truecount="0" falsecount="2"/>
        <line num="214" count="0" type="stmt"/>
        <line num="216" count="0" type="stmt"/>
        <line num="219" count="0" type="cond" truecount="0" falsecount="2"/>
        <line num="220" count="0" type="stmt"/>
        <line num="221" count="0" type="stmt"/>
        <line num="225" count="0" type="stmt"/>
        <line num="226" count="0" type="stmt"/>
        <line num="228" count="0" type="cond" truecount="0" falsecount="2"/>
        <line num="230" count="0" type="stmt"/>
        <line num="231" count="0" type="stmt"/>
        <line num="233" count="0" type="cond" truecount="0" falsecount="2"/>
        <line num="236" count="0" type="stmt"/>
        <line num="237" count="0" type="stmt"/>
        <line num="238" count="0" type="cond" truecount="0" falsecount="2"/>
        <line num="239" count="0" type="stmt"/>
        <line num="241" count="0" type="stmt"/>
        <line num="242" count="0" type="stmt"/>
        <line num="245" count="0" type="stmt"/>
        <line num="246" count="0" type="stmt"/>
        <line num="247" count="0" type="cond" truecount="0" falsecount="2"/>
        <line num="248" count="0" type="stmt"/>
        <line num="250" count="0" type="stmt"/>
        <line num="251" count="0" type="stmt"/>
        <line num="254" count="0" type="cond" truecount="0" falsecount="2"/>
        <line num="255" count="0" type="stmt"/>
        <line num="256" count="0" type="stmt"/>
        <line num="257" count="0" type="stmt"/>
        <line num="258" count="0" type="cond" truecount="0" falsecount="2"/>
        <line num="259" count="0" type="cond" truecount="0" falsecount="2"/>
        <line num="260" count="0" type="cond" truecount="0" falsecount="2"/>
        <line num="263" count="0" type="stmt"/>
        <line num="264" count="0" type="cond" truecount="0" falsecount="2"/>
        <line num="267" count="0" type="stmt"/>
        <line num="269" count="0" type="cond" truecount="0" falsecount="2"/>
        <line num="270" count="0" type="cond" truecount="0" falsecount="2"/>
        <line num="273" count="0" type="stmt"/>
        <line num="274" count="0" type="cond" truecount="0" falsecount="2"/>
        <line num="277" count="0" type="stmt"/>
        <line num="280" count="0" type="stmt"/>
        <line num="282" count="0" type="stmt"/>
        <line num="283" count="0" type="stmt"/>
        <line num="284" count="0" type="cond" truecount="0" falsecount="2"/>
        <line num="285" count="0" type="stmt"/>
        <line num="286" count="0" type="cond" truecount="0" falsecount="2"/>
        <line num="287" count="0" type="stmt"/>
        <line num="290" count="0" type="stmt"/>
        <line num="293" count="0" type="stmt"/>
        <line num="294" count="0" type="cond" truecount="0" falsecount="4"/>
        <line num="295" count="0" type="cond" truecount="0" falsecount="2"/>
        <line num="296" count="0" type="stmt"/>
        <line num="298" count="0" type="stmt"/>
        <line num="304" count="0" type="cond" truecount="0" falsecount="2"/>
        <line num="305" count="0" type="stmt"/>
        <line num="307" count="0" type="stmt"/>
        <line num="308" count="0" type="cond" truecount="0" falsecount="2"/>
        <line num="309" count="0" type="stmt"/>
        <line num="310" count="0" type="stmt"/>
        <line num="315" count="0" type="stmt"/>
        <line num="319" count="0" type="stmt"/>
        <line num="320" count="0" type="cond" truecount="0" falsecount="2"/>
        <line num="321" count="0" type="stmt"/>
        <line num="322" count="0" type="stmt"/>
        <line num="323" count="0" type="stmt"/>
        <line num="324" count="0" type="stmt"/>
        <line num="325" count="0" type="stmt"/>
        <line num="326" count="0" type="stmt"/>
        <line num="327" count="0" type="cond" truecount="0" falsecount="2"/>
        <line num="328" count="0" type="cond" truecount="0" falsecount="2"/>
        <line num="329" count="0" type="stmt"/>
        <line num="330" count="0" type="stmt"/>
        <line num="334" count="0" type="stmt"/>
        <line num="338" count="0" type="cond" truecount="0" falsecount="4"/>
        <line num="339" count="0" type="cond" truecount="0" falsecount="4"/>
        <line num="340" count="0" type="stmt"/>
        <line num="344" count="0" type="cond" truecount="0" falsecount="4"/>
        <line num="345" count="0" type="stmt"/>
        <line num="347" count="0" type="stmt"/>
        <line num="348" count="0" type="stmt"/>
        <line num="349" count="0" type="stmt"/>
        <line num="352" count="0" type="cond" truecount="0" falsecount="5"/>
        <line num="353" count="0" type="cond" truecount="0" falsecount="4"/>
        <line num="354" count="0" type="stmt"/>
        <line num="355" count="0" type="stmt"/>
        <line num="356" count="0" type="stmt"/>
        <line num="357" count="0" type="stmt"/>
        <line num="358" count="0" type="cond" truecount="0" falsecount="2"/>
        <line num="361" count="0" type="cond" truecount="0" falsecount="2"/>
        <line num="362" count="0" type="stmt"/>
        <line num="363" count="0" type="stmt"/>
        <line num="366" count="0" type="cond" truecount="0" falsecount="2"/>
        <line num="369" count="0" type="stmt"/>
        <line num="370" count="0" type="stmt"/>
        <line num="372" count="0" type="cond" truecount="0" falsecount="2"/>
        <line num="374" count="0" type="cond" truecount="0" falsecount="2"/>
        <line num="375" count="0" type="cond" truecount="0" falsecount="2"/>
        <line num="378" count="0" type="stmt"/>
        <line num="383" count="0" type="stmt"/>
        <line num="384" count="0" type="stmt"/>
        <line num="390" count="0" type="cond" truecount="0" falsecount="4"/>
        <line num="391" count="0" type="stmt"/>
        <line num="393" count="0" type="stmt"/>
        <line num="394" count="0" type="cond" truecount="0" falsecount="2"/>
        <line num="397" count="0" type="cond" truecount="0" falsecount="2"/>
        <line num="398" count="0" type="stmt"/>
        <line num="399" count="0" type="stmt"/>
        <line num="401" count="0" type="cond" truecount="0" falsecount="2"/>
        <line num="404" count="0" type="stmt"/>
        <line num="405" count="0" type="stmt"/>
        <line num="409" count="0" type="cond" truecount="0" falsecount="2"/>
        <line num="410" count="0" type="stmt"/>
        <line num="415" count="0" type="stmt"/>
        <line num="416" count="0" type="stmt"/>
        <line num="417" count="0" type="stmt"/>
        <line num="418" count="0" type="stmt"/>
        <line num="419" count="0" type="stmt"/>
        <line num="422" count="0" type="stmt"/>
        <line num="423" count="0" type="stmt"/>
        <line num="424" count="0" type="stmt"/>
        <line num="425" count="0" type="cond" truecount="0" falsecount="2"/>
        <line num="428" count="0" type="cond" truecount="0" falsecount="2"/>
        <line num="429" count="0" type="stmt"/>
        <line num="430" count="0" type="stmt"/>
        <line num="432" count="0" type="stmt"/>
        <line num="434" count="0" type="cond" truecount="0" falsecount="2"/>
        <line num="437" count="0" type="stmt"/>
        <line num="438" count="0" type="stmt"/>
        <line num="440" count="0" type="cond" truecount="0" falsecount="2"/>
        <line num="442" count="0" type="cond" truecount="0" falsecount="2"/>
        <line num="443" count="0" type="stmt"/>
        <line num="444" count="0" type="cond" truecount="0" falsecount="2"/>
        <line num="445" count="0" type="stmt"/>
        <line num="446" count="0" type="cond" truecount="0" falsecount="2"/>
        <line num="449" count="0" type="stmt"/>
        <line num="453" count="0" type="cond" truecount="0" falsecount="8"/>
        <line num="458" count="0" type="stmt"/>
        <line num="460" count="0" type="stmt"/>
        <line num="464" count="0" type="cond" truecount="0" falsecount="4"/>
        <line num="465" count="0" type="stmt"/>
        <line num="467" count="0" type="stmt"/>
        <line num="471" count="0" type="stmt"/>
        <line num="473" count="0" type="stmt"/>
        <line num="474" count="0" type="cond" truecount="0" falsecount="2"/>
        <line num="475" count="0" type="stmt"/>
        <line num="476" count="0" type="stmt"/>
        <line num="478" count="0" type="cond" truecount="0" falsecount="2"/>
        <line num="479" count="0" type="stmt"/>
        <line num="480" count="0" type="stmt"/>
        <line num="482" count="0" type="stmt"/>
        <line num="484" count="0" type="stmt"/>
        <line num="485" count="0" type="stmt"/>
        <line num="486" count="0" type="stmt"/>
        <line num="487" count="0" type="stmt"/>
        <line num="488" count="0" type="stmt"/>
        <line num="492" count="0" type="stmt"/>
        <line num="495" count="0" type="stmt"/>
        <line num="496" count="0" type="stmt"/>
        <line num="497" count="0" type="cond" truecount="0" falsecount="2"/>
        <line num="500" count="0" type="cond" truecount="0" falsecount="2"/>
        <line num="501" count="0" type="stmt"/>
        <line num="502" count="0" type="stmt"/>
        <line num="504" count="0" type="stmt"/>
        <line num="506" count="0" type="cond" truecount="0" falsecount="2"/>
        <line num="509" count="0" type="stmt"/>
        <line num="510" count="0" type="stmt"/>
        <line num="512" count="0" type="cond" truecount="0" falsecount="2"/>
        <line num="514" count="0" type="cond" truecount="0" falsecount="4"/>
        <line num="515" count="0" type="cond" truecount="0" falsecount="2"/>
        <line num="518" count="0" type="stmt"/>
        <line num="522" count="0" type="cond" truecount="0" falsecount="8"/>
        <line num="527" count="0" type="cond" truecount="0" falsecount="2"/>
        <line num="528" count="0" type="cond" truecount="0" falsecount="4"/>
        <line num="531" count="0" type="cond" truecount="0" falsecount="4"/>
        <line num="532" count="0" type="stmt"/>
        <line num="533" count="0" type="stmt"/>
        <line num="535" count="0" type="stmt"/>
        <line num="536" count="0" type="stmt"/>
        <line num="538" count="0" type="stmt"/>
        <line num="541" count="0" type="cond" truecount="0" falsecount="4"/>
        <line num="543" count="0" type="stmt"/>
        <line num="552" count="0" type="stmt"/>
        <line num="554" count="0" type="stmt"/>
        <line num="555" count="0" type="stmt"/>
        <line num="559" count="1" type="stmt"/>
        <line num="566" count="1" type="cond" truecount="1" falsecount="1"/>
        <line num="567" count="0" type="stmt"/>
        <line num="569" count="0" type="stmt"/>
        <line num="572" count="0" type="stmt"/>
        <line num="574" count="1" type="stmt"/>
        <line num="577" count="1" type="stmt"/>
        <line num="579" count="1" type="stmt"/>
        <line num="581" count="1" type="stmt"/>
        <line num="650" count="1" type="stmt"/>
        <line num="651" count="1" type="stmt"/>
        <line num="652" count="1" type="stmt"/>
        <line num="653" count="0" type="cond" truecount="0" falsecount="2"/>
        <line num="654" count="0" type="stmt"/>
        <line num="656" count="0" type="stmt"/>
        <line num="657" count="0" type="cond" truecount="0" falsecount="4"/>
        <line num="658" count="0" type="stmt"/>
        <line num="660" count="0" type="stmt"/>
        <line num="663" count="1" type="stmt"/>
        <line num="664" count="15" type="cond" truecount="2" falsecount="0"/>
        <line num="669" count="15" type="cond" truecount="2" falsecount="0"/>
        <line num="673" count="6" type="stmt"/>
        <line num="675" count="6" type="cond" truecount="3" falsecount="0"/>
        <line num="681" count="1" type="cond" truecount="2" falsecount="0"/>
        <line num="682" count="1" type="cond" truecount="1" falsecount="1"/>
        <line num="685" count="6" type="stmt"/>
        <line num="689" count="5" type="cond" truecount="1" falsecount="1"/>
        <line num="693" count="14" type="cond" truecount="4" falsecount="0"/>
        <line num="699" count="5" type="stmt"/>
        <line num="700" count="5" type="stmt"/>
        <line num="705" count="0" type="cond" truecount="0" falsecount="2"/>
        <line num="706" count="0" type="stmt"/>
        <line num="708" count="0" type="stmt"/>
        <line num="709" count="0" type="cond" truecount="0" falsecount="2"/>
        <line num="713" count="2" type="cond" truecount="1" falsecount="1"/>
        <line num="715" count="0" type="stmt"/>
        <line num="721" count="2" type="stmt"/>
        <line num="725" count="18" type="stmt"/>
        <line num="726" count="18" type="stmt"/>
        <line num="728" count="0" type="stmt"/>
        <line num="734" count="9" type="cond" truecount="1" falsecount="1"/>
        <line num="740" count="1" type="stmt"/>
        <line num="741" count="1" type="cond" truecount="1" falsecount="1"/>
        <line num="742" count="1" type="stmt"/>
        <line num="743" count="0" type="stmt"/>
        <line num="746" count="1" type="stmt"/>
        <line num="747" count="9" type="cond" truecount="1" falsecount="1"/>
        <line num="748" count="0" type="stmt"/>
        <line num="751" count="9" type="cond" truecount="2" falsecount="2"/>
        <line num="752" count="0" type="stmt"/>
        <line num="754" count="9" type="stmt"/>
        <line num="757" count="1" type="stmt"/>
        <line num="761" count="6" type="cond" truecount="2" falsecount="0"/>
        <line num="762" count="6" type="cond" truecount="2" falsecount="0"/>
        <line num="763" count="6" type="cond" truecount="2" falsecount="0"/>
        <line num="766" count="6" type="stmt"/>
        <line num="768" count="6" type="stmt"/>
        <line num="769" count="6" type="stmt"/>
        <line num="770" count="6" type="stmt"/>
        <line num="772" count="6" type="cond" truecount="1" falsecount="1"/>
        <line num="773" count="0" type="stmt"/>
        <line num="774" count="6" type="cond" truecount="2" falsecount="0"/>
        <line num="775" count="5" type="stmt"/>
        <line num="777" count="1" type="stmt"/>
        <line num="781" count="1" type="stmt"/>
        <line num="782" count="0" type="cond" truecount="0" falsecount="2"/>
        <line num="783" count="0" type="stmt"/>
        <line num="786" count="0" type="stmt"/>
        <line num="787" count="0" type="stmt"/>
        <line num="791" count="1" type="stmt"/>
        <line num="793" count="1" type="stmt"/>
        <line num="795" count="1" type="stmt"/>
        <line num="799" count="1" type="stmt"/>
        <line num="801" count="1" type="stmt"/>
        <line num="803" count="1" type="stmt"/>
        <line num="804" count="0" type="cond" truecount="0" falsecount="2"/>
        <line num="808" count="1" type="stmt"/>
        <line num="811" count="22" type="stmt"/>
        <line num="813" count="22" type="cond" truecount="1" falsecount="1"/>
        <line num="814" count="0" type="stmt"/>
        <line num="815" count="0" type="cond" truecount="0" falsecount="2"/>
        <line num="817" count="0" type="cond" truecount="0" falsecount="2"/>
        <line num="823" count="0" type="stmt"/>
        <line num="828" count="0" type="cond" truecount="0" falsecount="2"/>
        <line num="829" count="0" type="stmt"/>
        <line num="834" count="0" type="stmt"/>
        <line num="848" count="0" type="cond" truecount="0" falsecount="2"/>
        <line num="849" count="0" type="stmt"/>
        <line num="856" count="22" type="stmt"/>
        <line num="859" count="1" type="stmt"/>
        <line num="863" count="1" type="cond" truecount="1" falsecount="1"/>
        <line num="864" count="0" type="stmt"/>
        <line num="865" count="0" type="cond" truecount="0" falsecount="4"/>
        <line num="867" count="0" type="cond" truecount="0" falsecount="2"/>
        <line num="868" count="0" type="cond" truecount="0" falsecount="6"/>
        <line num="878" count="0" type="cond" truecount="0" falsecount="2"/>
        <line num="879" count="0" type="cond" truecount="0" falsecount="4"/>
        <line num="882" count="0" type="cond" truecount="0" falsecount="2"/>
        <line num="883" count="0" type="cond" truecount="0" falsecount="6"/>
        <line num="886" count="0" type="cond" truecount="0" falsecount="2"/>
        <line num="890" count="1" type="stmt"/>
        <line num="892" count="1" type="stmt"/>
        <line num="894" count="1" type="stmt"/>
        <line num="896" count="0" type="stmt"/>
        <line num="897" count="0" type="stmt"/>
        <line num="898" count="0" type="stmt"/>
        <line num="899" count="0" type="stmt"/>
        <line num="900" count="0" type="stmt"/>
        <line num="903" count="1" type="stmt"/>
        <line num="908" count="0" type="cond" truecount="0" falsecount="2"/>
        <line num="909" count="0" type="stmt"/>
        <line num="911" count="0" type="stmt"/>
        <line num="915" count="0" type="stmt"/>
        <line num="917" count="0" type="stmt"/>
        <line num="920" count="0" type="stmt"/>
        <line num="923" count="0" type="stmt"/>
        <line num="924" count="0" type="cond" truecount="0" falsecount="2"/>
        <line num="925" count="0" type="stmt"/>
        <line num="929" count="0" type="stmt"/>
        <line num="930" count="0" type="cond" truecount="0" falsecount="4"/>
        <line num="931" count="0" type="stmt"/>
        <line num="933" count="0" type="stmt"/>
        <line num="947" count="0" type="stmt"/>
        <line num="948" count="0" type="stmt"/>
        <line num="952" count="0" type="stmt"/>
        <line num="956" count="0" type="stmt"/>
        <line num="957" count="0" type="cond" truecount="0" falsecount="2"/>
        <line num="958" count="0" type="stmt"/>
        <line num="962" count="0" type="stmt"/>
        <line num="963" count="0" type="cond" truecount="0" falsecount="4"/>
        <line num="964" count="0" type="stmt"/>
        <line num="967" count="0" type="stmt"/>
        <line num="977" count="0" type="cond" truecount="0" falsecount="2"/>
        <line num="978" count="0" type="stmt"/>
        <line num="980" count="0" type="stmt"/>
        <line num="982" count="0" type="stmt"/>
        <line num="983" count="0" type="stmt"/>
        <line num="984" count="0" type="stmt"/>
        <line num="987" count="1" type="stmt"/>
        <line num="988" count="1" type="cond" truecount="1" falsecount="1"/>
        <line num="990" count="1" type="stmt"/>
        <line num="991" count="1" type="stmt"/>
        <line num="994" count="0" type="stmt"/>
        <line num="995" count="0" type="cond" truecount="0" falsecount="2"/>
        <line num="996" count="0" type="stmt"/>
        <line num="997" count="0" type="cond" truecount="0" falsecount="2"/>
        <line num="998" count="0" type="stmt"/>
        <line num="1001" count="0" type="stmt"/>
        <line num="1002" count="0" type="stmt"/>
        <line num="1003" count="0" type="stmt"/>
        <line num="1004" count="0" type="stmt"/>
        <line num="1005" count="0" type="stmt"/>
        <line num="1008" count="0" type="stmt"/>
        <line num="1009" count="0" type="stmt"/>
        <line num="1010" count="0" type="stmt"/>
        <line num="1015" count="1" type="stmt"/>
        <line num="1016" count="0" type="cond" truecount="0" falsecount="4"/>
        <line num="1020" count="0" type="cond" truecount="0" falsecount="4"/>
        <line num="1021" count="0" type="stmt"/>
        <line num="1024" count="0" type="stmt"/>
        <line num="1029" count="0" type="stmt"/>
        <line num="1030" count="0" type="cond" truecount="0" falsecount="4"/>
        <line num="1033" count="1" type="stmt"/>
        <line num="1041" count="0" type="cond" truecount="0" falsecount="2"/>
        <line num="1046" count="1" type="stmt"/>
        <line num="1047" count="1" type="stmt"/>
        <line num="1048" count="1" type="stmt"/>
        <line num="1049" count="1" type="stmt"/>
        <line num="1051" count="1" type="stmt"/>
        <line num="1052" count="0" type="stmt"/>
        <line num="1054" count="0" type="stmt"/>
        <line num="1055" count="0" type="stmt"/>
        <line num="1057" count="0" type="stmt"/>
        <line num="1058" count="0" type="stmt"/>
        <line num="1061" count="0" type="stmt"/>
        <line num="1064" count="1" type="stmt"/>
        <line num="1065" count="0" type="stmt"/>
        <line num="1066" count="0" type="stmt"/>
        <line num="1067" count="0" type="stmt"/>
        <line num="1069" count="0" type="stmt"/>
        <line num="1072" count="1" type="stmt"/>
        <line num="1073" count="0" type="stmt"/>
        <line num="1074" count="0" type="stmt"/>
        <line num="1075" count="0" type="stmt"/>
        <line num="1076" count="0" type="cond" truecount="0" falsecount="2"/>
        <line num="1077" count="0" type="stmt"/>
        <line num="1080" count="0" type="stmt"/>
        <line num="1083" count="1" type="stmt"/>
        <line num="1084" count="0" type="stmt"/>
        <line num="1085" count="0" type="cond" truecount="0" falsecount="4"/>
        <line num="1086" count="0" type="stmt"/>
        <line num="1088" count="0" type="stmt"/>
        <line num="1091" count="0" type="stmt"/>
        <line num="1092" count="0" type="cond" truecount="0" falsecount="2"/>
        <line num="1093" count="0" type="stmt"/>
        <line num="1097" count="0" type="cond" truecount="0" falsecount="2"/>
        <line num="1098" count="0" type="stmt"/>
        <line num="1100" count="0" type="stmt"/>
        <line num="1102" count="0" type="stmt"/>
        <line num="1109" count="0" type="stmt"/>
        <line num="1110" count="0" type="stmt"/>
        <line num="1111" count="0" type="stmt"/>
        <line num="1112" count="0" type="stmt"/>
        <line num="1115" count="0" type="stmt"/>
        <line num="1117" count="0" type="cond" truecount="0" falsecount="2"/>
        <line num="1118" count="0" type="stmt"/>
        <line num="1119" count="0" type="stmt"/>
        <line num="1120" count="0" type="stmt"/>
        <line num="1121" count="0" type="stmt"/>
        <line num="1124" count="0" type="stmt"/>
        <line num="1127" count="1" type="stmt"/>
        <line num="1129" count="1" type="cond" truecount="1" falsecount="1"/>
        <line num="1131" count="1" type="stmt"/>
        <line num="1132" count="1" type="stmt"/>
        <line num="1133" count="1" type="stmt"/>
        <line num="1136" count="1" type="stmt"/>
        <line num="1138" count="1" type="stmt"/>
        <line num="1139" count="1" type="stmt"/>
        <line num="1140" count="1" type="stmt"/>
        <line num="1141" count="1" type="stmt"/>
        <line num="1142" count="1" type="stmt"/>
        <line num="1143" count="1" type="stmt"/>
        <line num="1144" count="1" type="stmt"/>
        <line num="1145" count="1" type="stmt"/>
        <line num="1146" count="1" type="stmt"/>
        <line num="1147" count="1" type="stmt"/>
        <line num="1148" count="1" type="stmt"/>
        <line num="1149" count="1" type="stmt"/>
        <line num="1150" count="1" type="stmt"/>
        <line num="1154" count="1" type="stmt"/>
        <line num="1155" count="1" type="stmt"/>
        <line num="1156" count="1" type="stmt"/>
        <line num="1157" count="1" type="stmt"/>
        <line num="1158" count="1" type="stmt"/>
        <line num="1159" count="1" type="stmt"/>
        <line num="1160" count="1" type="stmt"/>
        <line num="1161" count="1" type="stmt"/>
        <line num="1162" count="1" type="stmt"/>
        <line num="1163" count="1" type="stmt"/>
        <line num="1164" count="1" type="stmt"/>
        <line num="1165" count="1" type="stmt"/>
        <line num="1166" count="1" type="stmt"/>
        <line num="1167" count="1" type="stmt"/>
        <line num="1168" count="1" type="stmt"/>
        <line num="1169" count="1" type="stmt"/>
        <line num="1170" count="1" type="stmt"/>
        <line num="1171" count="1" type="stmt"/>
        <line num="1172" count="1" type="stmt"/>
        <line num="1173" count="1" type="stmt"/>
        <line num="1174" count="1" type="stmt"/>
        <line num="1175" count="1" type="stmt"/>
        <line num="1176" count="1" type="stmt"/>
        <line num="1177" count="1" type="stmt"/>
        <line num="1178" count="1" type="stmt"/>
        <line num="1179" count="1" type="stmt"/>
        <line num="1180" count="1" type="stmt"/>
        <line num="1181" count="1" type="stmt"/>
        <line num="1182" count="1" type="stmt"/>
        <line num="1183" count="1" type="stmt"/>
        <line num="1184" count="1" type="stmt"/>
        <line num="1185" count="1" type="stmt"/>
        <line num="1186" count="1" type="stmt"/>
        <line num="1187" count="1" type="stmt"/>
        <line num="1188" count="1" type="stmt"/>
        <line num="1189" count="1" type="stmt"/>
        <line num="1193" count="1" type="stmt"/>
        <line num="1194" count="1" type="stmt"/>
        <line num="1195" count="1" type="stmt"/>
        <line num="1196" count="1" type="stmt"/>
        <line num="1197" count="1" type="stmt"/>
        <line num="1198" count="1" type="stmt"/>
        <line num="1199" count="1" type="stmt"/>
        <line num="1200" count="1" type="stmt"/>
        <line num="1201" count="1" type="stmt"/>
        <line num="1202" count="1" type="stmt"/>
        <line num="1203" count="1" type="stmt"/>
        <line num="1204" count="1" type="stmt"/>
        <line num="1209" count="1" type="stmt"/>
        <line num="1210" count="1" type="stmt"/>
        <line num="1211" count="1" type="stmt"/>
        <line num="1583" count="1" type="stmt"/>
        <line num="1586" count="0" type="stmt"/>
        <line num="1587" count="0" type="stmt"/>
        <line num="1588" count="0" type="cond" truecount="0" falsecount="2"/>
        <line num="1589" count="0" type="cond" truecount="0" falsecount="2"/>
        <line num="1591" count="0" type="stmt"/>
        <line num="1592" count="0" type="cond" truecount="0" falsecount="2"/>
        <line num="1593" count="0" type="cond" truecount="0" falsecount="2"/>
        <line num="1594" count="0" type="cond" truecount="0" falsecount="2"/>
        <line num="1595" count="0" type="stmt"/>
        <line num="1597" count="0" type="cond" truecount="0" falsecount="2"/>
        <line num="1598" count="0" type="stmt"/>
        <line num="1600" count="0" type="cond" truecount="0" falsecount="2"/>
        <line num="1601" count="0" type="stmt"/>
        <line num="1603" count="0" type="stmt"/>
        <line num="1605" count="0" type="stmt"/>
        <line num="1609" count="0" type="stmt"/>
        <line num="1610" count="0" type="cond" truecount="0" falsecount="2"/>
        <line num="1611" count="0" type="stmt"/>
        <line num="1613" count="0" type="stmt"/>
        <line num="1614" count="0" type="cond" truecount="0" falsecount="2"/>
        <line num="1615" count="0" type="stmt"/>
        <line num="1618" count="0" type="stmt"/>
        <line num="1622" count="0" type="cond" truecount="0" falsecount="2"/>
        <line num="1623" count="0" type="stmt"/>
        <line num="1626" count="0" type="cond" truecount="0" falsecount="2"/>
        <line num="1630" count="0" type="cond" truecount="0" falsecount="2"/>
        <line num="1631" count="0" type="cond" truecount="0" falsecount="2"/>
        <line num="1634" count="0" type="cond" truecount="0" falsecount="4"/>
        <line num="1635" count="0" type="stmt"/>
        <line num="1636" count="0" type="cond" truecount="0" falsecount="2"/>
        <line num="1637" count="0" type="stmt"/>
        <line num="1640" count="0" type="stmt"/>
        <line num="1642" count="0" type="stmt"/>
        <line num="1645" count="1" type="stmt"/>
        <line num="1647" count="1" type="stmt"/>
        <line num="1648" count="0" type="cond" truecount="0" falsecount="2"/>
        <line num="1652" count="1" type="stmt"/>
        <line num="1654" count="1" type="stmt"/>
        <line num="1655" count="1" type="stmt"/>
        <line num="1656" count="1" type="stmt"/>
        <line num="1657" count="1" type="stmt"/>
        <line num="1658" count="1" type="stmt"/>
        <line num="1659" count="1" type="stmt"/>
        <line num="1660" count="1" type="stmt"/>
        <line num="1661" count="1" type="stmt"/>
        <line num="1662" count="1" type="stmt"/>
        <line num="1664" count="1" type="cond" truecount="4" falsecount="1"/>
        <line num="1666" count="1" type="stmt"/>
        <line num="1667" count="1" type="stmt"/>
        <line num="1668" count="1" type="stmt"/>
        <line num="1670" count="1" type="stmt"/>
        <line num="1672" count="0" type="cond" truecount="0" falsecount="2"/>
        <line num="1673" count="0" type="stmt"/>
        <line num="1679" count="1" type="stmt"/>
        <line num="1680" count="0" type="stmt"/>
        <line num="1681" count="0" type="cond" truecount="0" falsecount="2"/>
        <line num="1682" count="0" type="cond" truecount="0" falsecount="2"/>
        <line num="1684" count="0" type="cond" truecount="0" falsecount="4"/>
        <line num="1685" count="0" type="stmt"/>
        <line num="1689" count="1" type="stmt"/>
        <line num="1690" count="0" type="stmt"/>
        <line num="1691" count="0" type="cond" truecount="0" falsecount="2"/>
        <line num="1692" count="0" type="stmt"/>
        <line num="1694" count="0" type="cond" truecount="0" falsecount="4"/>
        <line num="1695" count="0" type="stmt"/>
        <line num="1699" count="1" type="stmt"/>
        <line num="1700" count="0" type="stmt"/>
        <line num="1701" count="0" type="cond" truecount="0" falsecount="4"/>
        <line num="1702" count="0" type="cond" truecount="0" falsecount="2"/>
        <line num="1707" count="0" type="cond" truecount="0" falsecount="4"/>
        <line num="1708" count="0" type="stmt"/>
        <line num="1710" count="0" type="stmt"/>
        <line num="1715" count="0" type="stmt"/>
        <line num="1716" count="0" type="cond" truecount="0" falsecount="2"/>
        <line num="1718" count="0" type="stmt"/>
        <line num="1719" count="0" type="stmt"/>
        <line num="1720" count="0" type="stmt"/>
        <line num="1722" count="0" type="stmt"/>
        <line num="1729" count="0" type="stmt"/>
        <line num="1730" count="0" type="stmt"/>
        <line num="1731" count="0" type="stmt"/>
        <line num="1733" count="0" type="stmt"/>
        <line num="1736" count="1" type="stmt"/>
        <line num="1737" count="0" type="stmt"/>
        <line num="1738" count="0" type="stmt"/>
        <line num="1739" count="0" type="cond" truecount="0" falsecount="2"/>
        <line num="1740" count="0" type="stmt"/>
        <line num="1741" count="0" type="stmt"/>
        <line num="1743" count="0" type="cond" truecount="0" falsecount="2"/>
        <line num="1744" count="0" type="stmt"/>
        <line num="1745" count="0" type="stmt"/>
        <line num="1746" count="0" type="stmt"/>
        <line num="1750" count="0" type="stmt"/>
        <line num="1752" count="0" type="cond" truecount="0" falsecount="2"/>
        <line num="1753" count="0" type="cond" truecount="0" falsecount="2"/>
        <line num="1754" count="0" type="cond" truecount="0" falsecount="2"/>
        <line num="1755" count="0" type="cond" truecount="0" falsecount="2"/>
        <line num="1756" count="0" type="cond" truecount="0" falsecount="2"/>
        <line num="1757" count="0" type="cond" truecount="0" falsecount="4"/>
        <line num="1758" count="0" type="stmt"/>
        <line num="1759" count="0" type="stmt"/>
        <line num="1760" count="0" type="stmt"/>
        <line num="1763" count="0" type="stmt"/>
        <line num="1765" count="0" type="cond" truecount="0" falsecount="2"/>
        <line num="1766" count="0" type="stmt"/>
        <line num="1767" count="0" type="cond" truecount="0" falsecount="2"/>
        <line num="1768" count="0" type="cond" truecount="0" falsecount="2"/>
        <line num="1770" count="0" type="cond" truecount="0" falsecount="2"/>
        <line num="1773" count="0" type="stmt"/>
        <line num="1775" count="0" type="stmt"/>
        <line num="1780" count="0" type="cond" truecount="0" falsecount="2"/>
        <line num="1781" count="0" type="stmt"/>
        <line num="1787" count="0" type="cond" truecount="0" falsecount="2"/>
        <line num="1788" count="0" type="stmt"/>
        <line num="1789" count="0" type="cond" truecount="0" falsecount="5"/>
        <line num="1790" count="0" type="cond" truecount="0" falsecount="4"/>
        <line num="1791" count="0" type="stmt"/>
        <line num="1792" count="0" type="stmt"/>
        <line num="1793" count="0" type="cond" truecount="0" falsecount="4"/>
        <line num="1794" count="0" type="stmt"/>
        <line num="1795" count="0" type="stmt"/>
        <line num="1796" count="0" type="cond" truecount="0" falsecount="2"/>
        <line num="1797" count="0" type="cond" truecount="0" falsecount="2"/>
        <line num="1798" count="0" type="stmt"/>
        <line num="1799" count="0" type="cond" truecount="0" falsecount="2"/>
        <line num="1800" count="0" type="stmt"/>
        <line num="1802" count="0" type="stmt"/>
        <line num="1806" count="0" type="stmt"/>
        <line num="1807" count="0" type="stmt"/>
        <line num="1808" count="0" type="stmt"/>
        <line num="1814" count="0" type="cond" truecount="0" falsecount="2"/>
        <line num="1815" count="0" type="cond" truecount="0" falsecount="2"/>
        <line num="1816" count="0" type="stmt"/>
        <line num="1817" count="0" type="cond" truecount="0" falsecount="2"/>
        <line num="1818" count="0" type="cond" truecount="0" falsecount="2"/>
        <line num="1819" count="0" type="stmt"/>
        <line num="1820" count="0" type="cond" truecount="0" falsecount="2"/>
        <line num="1821" count="0" type="stmt"/>
        <line num="1823" count="0" type="stmt"/>
        <line num="1827" count="0" type="stmt"/>
        <line num="1828" count="0" type="stmt"/>
        <line num="1829" count="0" type="stmt"/>
        <line num="1835" count="0" type="stmt"/>
        <line num="1836" count="0" type="stmt"/>
        <line num="1837" count="0" type="cond" truecount="0" falsecount="2"/>
        <line num="1838" count="0" type="stmt"/>
        <line num="1839" count="0" type="stmt"/>
        <line num="1842" count="0" type="stmt"/>
        <line num="1843" count="0" type="stmt"/>
        <line num="1846" count="0" type="cond" truecount="0" falsecount="2"/>
        <line num="1847" count="0" type="stmt"/>
        <line num="1849" count="0" type="stmt"/>
        <line num="1850" count="0" type="cond" truecount="0" falsecount="2"/>
        <line num="1851" count="0" type="stmt"/>
        <line num="1854" count="0" type="stmt"/>
        <line num="1855" count="0" type="cond" truecount="0" falsecount="2"/>
        <line num="1856" count="0" type="cond" truecount="0" falsecount="5"/>
        <line num="1857" count="0" type="stmt"/>
        <line num="1858" count="0" type="stmt"/>
        <line num="1859" count="0" type="stmt"/>
        <line num="1860" count="0" type="cond" truecount="0" falsecount="2"/>
        <line num="1866" count="0" type="stmt"/>
        <line num="1869" count="0" type="cond" truecount="0" falsecount="2"/>
        <line num="1870" count="0" type="cond" truecount="0" falsecount="2"/>
        <line num="1871" count="0" type="stmt"/>
        <line num="1877" count="0" type="cond" truecount="0" falsecount="4"/>
        <line num="1878" count="0" type="cond" truecount="0" falsecount="4"/>
        <line num="1879" count="0" type="stmt"/>
        <line num="1881" count="0" type="cond" truecount="0" falsecount="2"/>
        <line num="1883" count="0" type="stmt"/>
        <line num="1884" count="0" type="cond" truecount="0" falsecount="2"/>
        <line num="1885" count="0" type="stmt"/>
        <line num="1886" count="0" type="stmt"/>
        <line num="1888" count="0" type="cond" truecount="0" falsecount="2"/>
        <line num="1890" count="0" type="stmt"/>
        <line num="1891" count="0" type="cond" truecount="0" falsecount="2"/>
        <line num="1893" count="0" type="stmt"/>
        <line num="1895" count="0" type="cond" truecount="0" falsecount="4"/>
        <line num="1896" count="0" type="stmt"/>
        <line num="1898" count="0" type="stmt"/>
        <line num="1905" count="0" type="stmt"/>
        <line num="1906" count="0" type="stmt"/>
        <line num="1907" count="0" type="cond" truecount="0" falsecount="2"/>
        <line num="1908" count="0" type="stmt"/>
        <line num="1909" count="0" type="stmt"/>
        <line num="1912" count="0" type="stmt"/>
        <line num="1913" count="0" type="cond" truecount="0" falsecount="2"/>
        <line num="1914" count="0" type="stmt"/>
        <line num="1915" count="0" type="stmt"/>
        <line num="1916" count="0" type="cond" truecount="0" falsecount="2"/>
        <line num="1917" count="0" type="cond" truecount="0" falsecount="2"/>
        <line num="1919" count="0" type="stmt"/>
        <line num="1920" count="0" type="cond" truecount="0" falsecount="2"/>
        <line num="1922" count="0" type="stmt"/>
        <line num="1924" count="0" type="cond" truecount="0" falsecount="4"/>
        <line num="1925" count="0" type="stmt"/>
        <line num="1928" count="0" type="cond" truecount="0" falsecount="4"/>
        <line num="1929" count="0" type="cond" truecount="0" falsecount="2"/>
        <line num="1930" count="0" type="stmt"/>
        <line num="1931" count="0" type="stmt"/>
        <line num="1932" count="0" type="stmt"/>
        <line num="1934" count="0" type="cond" truecount="0" falsecount="4"/>
        <line num="1935" count="0" type="stmt"/>
        <line num="1937" count="0" type="stmt"/>
        <line num="1938" count="0" type="cond" truecount="0" falsecount="2"/>
        <line num="1939" count="0" type="cond" truecount="0" falsecount="2"/>
        <line num="1940" count="0" type="cond" truecount="0" falsecount="2"/>
        <line num="1942" count="0" type="stmt"/>
        <line num="1943" count="0" type="stmt"/>
        <line num="1944" count="0" type="cond" truecount="0" falsecount="2"/>
        <line num="1945" count="0" type="cond" truecount="0" falsecount="2"/>
        <line num="1946" count="0" type="stmt"/>
        <line num="1949" count="0" type="stmt"/>
        <line num="1952" count="0" type="stmt"/>
        <line num="1959" count="0" type="cond" truecount="0" falsecount="2"/>
        <line num="1960" count="0" type="stmt"/>
        <line num="1962" count="0" type="stmt"/>
        <line num="1965" count="0" type="cond" truecount="0" falsecount="2"/>
        <line num="1966" count="0" type="cond" truecount="0" falsecount="2"/>
        <line num="1967" count="0" type="stmt"/>
        <line num="1971" count="0" type="cond" truecount="0" falsecount="2"/>
        <line num="1972" count="0" type="cond" truecount="0" falsecount="2"/>
        <line num="1973" count="0" type="stmt"/>
        <line num="1977" count="0" type="cond" truecount="0" falsecount="2"/>
        <line num="1978" count="0" type="cond" truecount="0" falsecount="2"/>
        <line num="1979" count="0" type="stmt"/>
        <line num="1983" count="0" type="stmt"/>
        <line num="1984" count="0" type="stmt"/>
        <line num="1991" count="1" type="stmt"/>
        <line num="1993" count="1" type="stmt"/>
        <line num="1995" count="1" type="stmt"/>
        <line num="1996" count="0" type="stmt"/>
        <line num="1997" count="0" type="stmt"/>
        <line num="1998" count="0" type="stmt"/>
        <line num="2001" count="0" type="stmt"/>
        <line num="2005" count="0" type="cond" truecount="0" falsecount="2"/>
        <line num="2020" count="0" type="stmt"/>
        <line num="2023" count="0" type="stmt"/>
        <line num="2026" count="0" type="stmt"/>
        <line num="2029" count="0" type="stmt"/>
        <line num="2030" count="0" type="stmt"/>
        <line num="2031" count="0" type="stmt"/>
        <line num="2032" count="0" type="stmt"/>
        <line num="2044" count="0" type="cond" truecount="0" falsecount="2"/>
        <line num="2045" count="0" type="cond" truecount="0" falsecount="2"/>
        <line num="2046" count="0" type="stmt"/>
        <line num="2048" count="0" type="stmt"/>
        <line num="2060" count="0" type="cond" truecount="0" falsecount="2"/>
        <line num="2061" count="0" type="cond" truecount="0" falsecount="2"/>
        <line num="2062" count="0" type="stmt"/>
        <line num="2064" count="0" type="stmt"/>
        <line num="2090" count="0" type="stmt"/>
        <line num="2093" count="0" type="stmt"/>
        <line num="2096" count="0" type="stmt"/>
        <line num="2108" count="0" type="cond" truecount="0" falsecount="2"/>
        <line num="2109" count="0" type="cond" truecount="0" falsecount="2"/>
        <line num="2110" count="0" type="stmt"/>
        <line num="2111" count="0" type="stmt"/>
        <line num="2112" count="0" type="stmt"/>
        <line num="2113" count="0" type="stmt"/>
        <line num="2114" count="0" type="stmt"/>
        <line num="2115" count="0" type="stmt"/>
        <line num="2117" count="0" type="stmt"/>
        <line num="2119" count="0" type="cond" truecount="0" falsecount="2"/>
        <line num="2120" count="0" type="stmt"/>
        <line num="2121" count="0" type="stmt"/>
        <line num="2124" count="0" type="cond" truecount="0" falsecount="2"/>
        <line num="2125" count="0" type="stmt"/>
        <line num="2128" count="0" type="stmt"/>
        <line num="2129" count="0" type="stmt"/>
        <line num="2131" count="0" type="stmt"/>
        <line num="2132" count="0" type="stmt"/>
        <line num="2133" count="0" type="stmt"/>
        <line num="2135" count="0" type="cond" truecount="0" falsecount="2"/>
        <line num="2136" count="0" type="cond" truecount="0" falsecount="2"/>
        <line num="2139" count="0" type="stmt"/>
        <line num="2140" count="0" type="stmt"/>
        <line num="2142" count="0" type="cond" truecount="0" falsecount="2"/>
        <line num="2143" count="0" type="stmt"/>
        <line num="2144" count="0" type="cond" truecount="0" falsecount="2"/>
        <line num="2145" count="0" type="stmt"/>
        <line num="2146" count="0" type="cond" truecount="0" falsecount="4"/>
        <line num="2147" count="0" type="cond" truecount="0" falsecount="2"/>
        <line num="2149" count="0" type="stmt"/>
        <line num="2153" count="0" type="cond" truecount="0" falsecount="4"/>
        <line num="2154" count="0" type="stmt"/>
        <line num="2158" count="0" type="cond" truecount="0" falsecount="2"/>
        <line num="2159" count="0" type="stmt"/>
        <line num="2160" count="0" type="stmt"/>
        <line num="2161" count="0" type="stmt"/>
        <line num="2162" count="0" type="stmt"/>
        <line num="2164" count="0" type="stmt"/>
        <line num="2166" count="0" type="cond" truecount="0" falsecount="2"/>
        <line num="2167" count="0" type="stmt"/>
        <line num="2168" count="0" type="stmt"/>
        <line num="2171" count="0" type="cond" truecount="0" falsecount="2"/>
        <line num="2172" count="0" type="stmt"/>
        <line num="2175" count="0" type="stmt"/>
        <line num="2177" count="0" type="stmt"/>
        <line num="2178" count="0" type="stmt"/>
        <line num="2180" count="0" type="cond" truecount="0" falsecount="2"/>
        <line num="2184" count="0" type="stmt"/>
        <line num="2204" count="0" type="stmt"/>
        <line num="2205" count="0" type="stmt"/>
        <line num="2208" count="1" type="stmt"/>
        <line num="2210" count="1" type="stmt"/>
        <line num="2211" count="1" type="stmt"/>
        <line num="2212" count="1" type="stmt"/>
        <line num="2218" count="1" type="stmt"/>
        <line num="2219" count="1" type="stmt"/>
        <line num="2220" count="1" type="stmt"/>
        <line num="2221" count="1" type="stmt"/>
        <line num="2222" count="1" type="stmt"/>
        <line num="2223" count="1" type="stmt"/>
        <line num="2224" count="1" type="stmt"/>
        <line num="2225" count="1" type="stmt"/>
        <line num="2226" count="1" type="stmt"/>
        <line num="2227" count="1" type="stmt"/>
        <line num="2228" count="1" type="stmt"/>
        <line num="2229" count="1" type="stmt"/>
        <line num="2230" count="1" type="stmt"/>
        <line num="2231" count="1" type="stmt"/>
        <line num="2232" count="1" type="stmt"/>
        <line num="2234" count="1" type="stmt"/>
        <line num="2256" count="1" type="stmt"/>
        <line num="2276" count="1" type="stmt"/>
        <line num="2293" count="1" type="stmt"/>
        <line num="2370" count="14" type="stmt"/>
        <line num="2384" count="38" type="cond" truecount="1" falsecount="1"/>
        <line num="2388" count="1" type="stmt"/>
        <line num="2390" count="1" type="stmt"/>
        <line num="2391" count="1" type="stmt"/>
        <line num="2397" count="1" type="stmt"/>
        <line num="2399" count="1" type="cond" truecount="0" falsecount="3"/>
        <line num="2400" count="1" type="stmt"/>
        <line num="2401" count="1" type="cond" truecount="0" falsecount="2"/>
        <line num="2402" count="1" type="stmt"/>
        <line num="2403" count="1" type="stmt"/>
        <line num="2405" count="1" type="stmt"/>
        <line num="2406" count="0" type="stmt"/>
        <line num="2407" count="0" type="cond" truecount="0" falsecount="2"/>
        <line num="2411" count="1" type="stmt"/>
        <line num="2412" count="0" type="stmt"/>
        <line num="2413" count="0" type="cond" truecount="0" falsecount="6"/>
        <line num="2414" count="0" type="stmt"/>
        <line num="2416" count="0" type="stmt"/>
        <line num="2419" count="1" type="stmt"/>
        <line num="2420" count="70" type="cond" truecount="3" falsecount="1"/>
        <line num="2421" count="0" type="stmt"/>
        <line num="2423" count="70" type="cond" truecount="2" falsecount="0"/>
        <line num="2426" count="1" type="stmt"/>
        <line num="2427" count="0" type="stmt"/>
        <line num="2428" count="0" type="cond" truecount="0" falsecount="2"/>
        <line num="2429" count="0" type="cond" truecount="0" falsecount="2"/>
        <line num="2430" count="0" type="stmt"/>
        <line num="2433" count="1" type="cond" truecount="0" falsecount="1"/>
        <line num="2434" count="38" type="stmt"/>
        <line num="2435" count="38" type="cond" truecount="1" falsecount="1"/>
        <line num="2436" count="0" type="stmt"/>
        <line num="2437" count="0" type="stmt"/>
        <line num="2439" count="38" type="stmt"/>
        <line num="2442" count="1" type="cond" truecount="0" falsecount="2"/>
        <line num="2443" count="0" type="cond" truecount="0" falsecount="2"/>
        <line num="2444" count="0" type="cond" truecount="0" falsecount="2"/>
        <line num="2446" count="0" type="stmt"/>
        <line num="2447" count="0" type="cond" truecount="0" falsecount="2"/>
        <line num="2448" count="0" type="stmt"/>
        <line num="2450" count="0" type="stmt"/>
        <line num="2454" count="1" type="stmt"/>
        <line num="2471" count="1" type="stmt"/>
        <line num="2473" count="1" type="stmt"/>
        <line num="2474" count="0" type="cond" truecount="0" falsecount="2"/>
        <line num="2477" count="1" type="stmt"/>
        <line num="2478" count="0" type="cond" truecount="0" falsecount="2"/>
        <line num="2479" count="0" type="cond" truecount="0" falsecount="2"/>
        <line num="2500" count="1" type="stmt"/>
        <line num="2501" count="0" type="cond" truecount="0" falsecount="2"/>
        <line num="2503" count="0" type="stmt"/>
        <line num="2504" count="0" type="cond" truecount="0" falsecount="2"/>
        <line num="2505" count="0" type="stmt"/>
        <line num="2506" count="0" type="stmt"/>
        <line num="2507" count="0" type="stmt"/>
        <line num="2509" count="0" type="stmt"/>
        <line num="2510" count="0" type="stmt"/>
        <line num="2511" count="0" type="stmt"/>
        <line num="2512" count="0" type="stmt"/>
        <line num="2513" count="0" type="stmt"/>
        <line num="2514" count="0" type="stmt"/>
        <line num="2515" count="0" type="stmt"/>
        <line num="2516" count="0" type="stmt"/>
        <line num="2517" count="0" type="stmt"/>
        <line num="2518" count="0" type="stmt"/>
        <line num="2519" count="0" type="stmt"/>
        <line num="2520" count="0" type="stmt"/>
        <line num="2521" count="0" type="stmt"/>
        <line num="2522" count="0" type="stmt"/>
        <line num="2523" count="0" type="stmt"/>
        <line num="2526" count="0" type="stmt"/>
        <line num="2528" count="0" type="stmt"/>
        <line num="2529" count="0" type="stmt"/>
        <line num="2530" count="0" type="stmt"/>
        <line num="2531" count="0" type="stmt"/>
        <line num="2532" count="0" type="stmt"/>
        <line num="2535" count="0" type="stmt"/>
        <line num="2536" count="0" type="stmt"/>
        <line num="2539" count="0" type="cond" truecount="0" falsecount="2"/>
        <line num="2540" count="0" type="stmt"/>
        <line num="2541" count="0" type="stmt"/>
        <line num="2543" count="0" type="cond" truecount="0" falsecount="2"/>
        <line num="2544" count="0" type="stmt"/>
        <line num="2546" count="0" type="stmt"/>
        <line num="2549" count="0" type="cond" truecount="0" falsecount="4"/>
        <line num="2550" count="0" type="stmt"/>
        <line num="2552" count="0" type="cond" truecount="0" falsecount="2"/>
        <line num="2553" count="0" type="cond" truecount="0" falsecount="2"/>
        <line num="2554" count="0" type="stmt"/>
        <line num="2555" count="0" type="stmt"/>
        <line num="2556" count="0" type="stmt"/>
        <line num="2559" count="0" type="cond" truecount="0" falsecount="2"/>
        <line num="2560" count="0" type="stmt"/>
        <line num="2561" count="0" type="stmt"/>
        <line num="2564" count="0" type="cond" truecount="0" falsecount="5"/>
        <line num="2565" count="0" type="stmt"/>
        <line num="2566" count="0" type="stmt"/>
        <line num="2567" count="0" type="stmt"/>
        <line num="2569" count="0" type="cond" truecount="0" falsecount="2"/>
        <line num="2570" count="0" type="stmt"/>
        <line num="2573" count="0" type="stmt"/>
        <line num="2576" count="0" type="cond" truecount="0" falsecount="4"/>
        <line num="2577" count="0" type="stmt"/>
        <line num="2578" count="0" type="stmt"/>
        <line num="2579" count="0" type="stmt"/>
        <line num="2581" count="0" type="cond" truecount="0" falsecount="2"/>
        <line num="2582" count="0" type="stmt"/>
        <line num="2585" count="0" type="stmt"/>
        <line num="2588" count="0" type="cond" truecount="0" falsecount="2"/>
        <line num="2589" count="0" type="stmt"/>
        <line num="2591" count="0" type="cond" truecount="0" falsecount="2"/>
        <line num="2592" count="0" type="stmt"/>
        <line num="2593" count="0" type="stmt"/>
        <line num="2594" count="0" type="stmt"/>
        <line num="2595" count="0" type="stmt"/>
        <line num="2600" count="0" type="cond" truecount="0" falsecount="2"/>
        <line num="2601" count="0" type="stmt"/>
        <line num="2604" count="0" type="stmt"/>
        <line num="2607" count="0" type="cond" truecount="0" falsecount="2"/>
        <line num="2608" count="0" type="stmt"/>
        <line num="2609" count="0" type="stmt"/>
        <line num="2610" count="0" type="stmt"/>
        <line num="2612" count="0" type="cond" truecount="0" falsecount="2"/>
        <line num="2613" count="0" type="cond" truecount="0" falsecount="4"/>
        <line num="2614" count="0" type="stmt"/>
        <line num="2615" count="0" type="stmt"/>
        <line num="2618" count="0" type="stmt"/>
        <line num="2619" count="0" type="stmt"/>
        <line num="2622" count="0" type="cond" truecount="0" falsecount="2"/>
        <line num="2623" count="0" type="cond" truecount="0" falsecount="5"/>
        <line num="2629" count="0" type="cond" truecount="0" falsecount="4"/>
        <line num="2630" count="0" type="stmt"/>
        <line num="2631" count="0" type="stmt"/>
        <line num="2632" count="0" type="stmt"/>
        <line num="2633" count="0" type="cond" truecount="0" falsecount="4"/>
        <line num="2634" count="0" type="stmt"/>
        <line num="2637" count="0" type="cond" truecount="0" falsecount="2"/>
        <line num="2638" count="0" type="cond" truecount="0" falsecount="2"/>
        <line num="2639" count="0" type="cond" truecount="0" falsecount="2"/>
        <line num="2640" count="0" type="stmt"/>
        <line num="2641" count="0" type="stmt"/>
        <line num="2642" count="0" type="stmt"/>
        <line num="2645" count="0" type="cond" truecount="0" falsecount="2"/>
        <line num="2646" count="0" type="stmt"/>
        <line num="2647" count="0" type="stmt"/>
        <line num="2648" count="0" type="stmt"/>
        <line num="2651" count="0" type="stmt"/>
        <line num="2653" count="0" type="stmt"/>
        <line num="2657" count="0" type="cond" truecount="0" falsecount="2"/>
        <line num="2658" count="0" type="cond" truecount="0" falsecount="2"/>
        <line num="2659" count="0" type="stmt"/>
        <line num="2660" count="0" type="stmt"/>
        <line num="2662" count="0" type="cond" truecount="0" falsecount="2"/>
        <line num="2663" count="0" type="stmt"/>
        <line num="2665" count="0" type="stmt"/>
        <line num="2668" count="0" type="cond" truecount="0" falsecount="2"/>
        <line num="2669" count="0" type="stmt"/>
        <line num="2670" count="0" type="stmt"/>
        <line num="2672" count="0" type="cond" truecount="0" falsecount="2"/>
        <line num="2673" count="0" type="stmt"/>
        <line num="2675" count="0" type="stmt"/>
        <line num="2678" count="0" type="cond" truecount="0" falsecount="2"/>
        <line num="2679" count="0" type="cond" truecount="0" falsecount="2"/>
        <line num="2680" count="0" type="cond" truecount="0" falsecount="2"/>
        <line num="2681" count="0" type="stmt"/>
        <line num="2682" count="0" type="stmt"/>
        <line num="2683" count="0" type="stmt"/>
        <line num="2686" count="0" type="cond" truecount="0" falsecount="2"/>
        <line num="2687" count="0" type="stmt"/>
        <line num="2688" count="0" type="stmt"/>
        <line num="2689" count="0" type="stmt"/>
        <line num="2690" count="0" type="stmt"/>
        <line num="2694" count="0" type="cond" truecount="0" falsecount="2"/>
        <line num="2695" count="0" type="stmt"/>
        <line num="2698" count="0" type="stmt"/>
        <line num="2701" count="0" type="cond" truecount="0" falsecount="5"/>
        <line num="2702" count="0" type="stmt"/>
        <line num="2703" count="0" type="stmt"/>
        <line num="2704" count="0" type="stmt"/>
        <line num="2707" count="0" type="cond" truecount="0" falsecount="4"/>
        <line num="2708" count="0" type="stmt"/>
        <line num="2710" count="0" type="cond" truecount="0" falsecount="2"/>
        <line num="2711" count="0" type="cond" truecount="0" falsecount="2"/>
        <line num="2712" count="0" type="cond" truecount="0" falsecount="2"/>
        <line num="2713" count="0" type="stmt"/>
        <line num="2714" count="0" type="stmt"/>
        <line num="2715" count="0" type="stmt"/>
        <line num="2718" count="0" type="cond" truecount="0" falsecount="2"/>
        <line num="2719" count="0" type="stmt"/>
        <line num="2720" count="0" type="stmt"/>
        <line num="2723" count="0" type="stmt"/>
        <line num="2725" count="0" type="stmt"/>
        <line num="2728" count="0" type="cond" truecount="0" falsecount="2"/>
        <line num="2729" count="0" type="stmt"/>
        <line num="2731" count="0" type="cond" truecount="0" falsecount="2"/>
        <line num="2732" count="0" type="stmt"/>
        <line num="2735" count="0" type="stmt"/>
        <line num="2739" count="0" type="cond" truecount="0" falsecount="2"/>
        <line num="2740" count="0" type="stmt"/>
        <line num="2741" count="0" type="stmt"/>
        <line num="2744" count="0" type="stmt"/>
        <line num="2745" count="0" type="stmt"/>
        <line num="2746" count="0" type="stmt"/>
        <line num="2748" count="0" type="cond" truecount="0" falsecount="2"/>
        <line num="2749" count="0" type="stmt"/>
        <line num="2750" count="0" type="stmt"/>
        <line num="2751" count="0" type="stmt"/>
        <line num="2754" count="0" type="cond" truecount="0" falsecount="5"/>
        <line num="2755" count="0" type="stmt"/>
        <line num="2756" count="0" type="stmt"/>
        <line num="2757" count="0" type="cond" truecount="0" falsecount="2"/>
        <line num="2758" count="0" type="stmt"/>
        <line num="2759" count="0" type="stmt"/>
        <line num="2761" count="0" type="stmt"/>
        <line num="2764" count="0" type="cond" truecount="0" falsecount="6"/>
        <line num="2765" count="0" type="cond" truecount="0" falsecount="2"/>
        <line num="2766" count="0" type="stmt"/>
        <line num="2770" count="0" type="cond" truecount="0" falsecount="2"/>
        <line num="2771" count="0" type="cond" truecount="0" falsecount="2"/>
        <line num="2773" count="0" type="cond" truecount="0" falsecount="4"/>
        <line num="2774" count="0" type="stmt"/>
        <line num="2778" count="0" type="stmt"/>
        <line num="2793" count="0" type="cond" truecount="0" falsecount="2"/>
        <line num="2794" count="0" type="stmt"/>
        <line num="2795" count="0" type="cond" truecount="0" falsecount="2"/>
        <line num="2796" count="0" type="stmt"/>
        <line num="2798" count="0" type="stmt"/>
        <line num="2801" count="0" type="cond" truecount="0" falsecount="4"/>
        <line num="2804" count="0" type="stmt"/>
        <line num="2805" count="0" type="cond" truecount="0" falsecount="2"/>
        <line num="2806" count="0" type="stmt"/>
        <line num="2807" count="0" type="stmt"/>
        <line num="2808" count="0" type="cond" truecount="0" falsecount="2"/>
        <line num="2809" count="0" type="cond" truecount="0" falsecount="4"/>
        <line num="2810" count="0" type="stmt"/>
        <line num="2811" count="0" type="stmt"/>
        <line num="2813" count="0" type="stmt"/>
        <line num="2815" count="0" type="stmt"/>
        <line num="2816" count="0" type="stmt"/>
        <line num="2818" count="0" type="cond" truecount="0" falsecount="4"/>
        <line num="2819" count="0" type="stmt"/>
        <line num="2821" count="0" type="stmt"/>
        <line num="2824" count="0" type="cond" truecount="0" falsecount="4"/>
        <line num="2825" count="0" type="stmt"/>
        <line num="2826" count="0" type="stmt"/>
        <line num="2828" count="0" type="cond" truecount="0" falsecount="2"/>
        <line num="2829" count="0" type="stmt"/>
        <line num="2830" count="0" type="stmt"/>
        <line num="2831" count="0" type="stmt"/>
        <line num="2835" count="0" type="stmt"/>
        <line num="2836" count="0" type="stmt"/>
        <line num="2839" count="0" type="stmt"/>
        <line num="2842" count="1" type="stmt"/>
        <line num="2844" count="1" type="stmt"/>
        <line num="2845" count="1" type="stmt"/>
        <line num="2857" count="1" type="stmt"/>
        <line num="2863" count="1" type="stmt"/>
        <line num="2864" count="0" type="cond" truecount="0" falsecount="2"/>
        <line num="2865" count="0" type="stmt"/>
        <line num="2868" count="0" type="stmt"/>
        <line num="2869" count="0" type="stmt"/>
        <line num="2871" count="0" type="stmt"/>
        <line num="2873" count="0" type="stmt"/>
        <line num="2875" count="0" type="stmt"/>
        <line num="2878" count="0" type="stmt"/>
        <line num="2885" count="1" type="stmt"/>
        <line num="2886" count="0" type="stmt"/>
        <line num="2896" count="1" type="stmt"/>
        <line num="2897" count="14" type="cond" truecount="1" falsecount="1"/>
        <line num="2898" count="0" type="stmt"/>
        <line num="2901" count="14" type="cond" truecount="2" falsecount="0"/>
        <line num="2903" count="14" type="stmt"/>
        <line num="2904" count="14" type="cond" truecount="1" falsecount="1"/>
        <line num="2906" count="14" type="stmt"/>
        <line num="2907" count="14" type="cond" truecount="1" falsecount="1"/>
        <line num="2908" count="0" type="stmt"/>
        <line num="2911" count="14" type="cond" truecount="2" falsecount="0"/>
        <line num="2912" count="14" type="stmt"/>
        <line num="2914" count="14" type="cond" truecount="1" falsecount="1"/>
        <line num="2915" count="14" type="stmt"/>
        <line num="2918" count="14" type="stmt"/>
        <line num="2919" count="14" type="stmt"/>
        <line num="2934" count="14" type="stmt"/>
        <line num="2936" count="14" type="stmt"/>
        <line num="2937" count="12" type="cond" truecount="1" falsecount="1"/>
        <line num="2940" count="14" type="cond" truecount="2" falsecount="0"/>
        <line num="2941" count="14" type="cond" truecount="2" falsecount="0"/>
        <line num="2942" count="14" type="cond" truecount="1" falsecount="1"/>
        <line num="2944" count="14" type="cond" truecount="1" falsecount="1"/>
        <line num="2945" count="0" type="stmt"/>
        <line num="2949" count="14" type="cond" truecount="1" falsecount="1"/>
        <line num="2950" count="0" type="stmt"/>
        <line num="2953" count="14" type="stmt"/>
        <line num="2971" count="14" type="stmt"/>
        <line num="2972" count="14" type="stmt"/>
        <line num="2974" count="14" type="stmt"/>
        <line num="2975" count="14" type="stmt"/>
        <line num="2976" count="14" type="stmt"/>
        <line num="2977" count="14" type="stmt"/>
        <line num="2984" count="192" type="stmt"/>
        <line num="2985" count="20" type="cond" truecount="1" falsecount="0"/>
        <line num="2986" count="180" type="cond" truecount="1" falsecount="1"/>
        <line num="2987" count="102" type="stmt"/>
        <line num="2988" count="14" type="cond" truecount="1" falsecount="1"/>
        <line num="2989" count="172" type="stmt"/>
        <line num="2990" count="172" type="stmt"/>
        <line num="2993" count="14" type="stmt"/>
        <line num="2994" count="160" type="cond" truecount="2" falsecount="0"/>
        <line num="2995" count="160" type="stmt"/>
        <line num="2998" count="14" type="stmt"/>
        <line num="2999" count="0" type="stmt"/>
        <line num="3001" count="0" type="cond" truecount="0" falsecount="3"/>
        <line num="3002" count="0" type="stmt"/>
        <line num="3003" count="0" type="stmt"/>
        <line num="3004" count="0" type="stmt"/>
        <line num="3007" count="0" type="cond" truecount="0" falsecount="2"/>
        <line num="3008" count="0" type="stmt"/>
        <line num="3011" count="0" type="stmt"/>
        <line num="3012" count="0" type="stmt"/>
        <line num="3013" count="0" type="stmt"/>
        <line num="3016" count="14" type="stmt"/>
        <line num="3017" count="0" type="stmt"/>
        <line num="3018" count="0" type="stmt"/>
        <line num="3021" count="14" type="stmt"/>
        <line num="3022" count="0" type="stmt"/>
        <line num="3023" count="0" type="stmt"/>
        <line num="3034" count="14" type="stmt"/>
        <line num="3035" count="160" type="cond" truecount="2" falsecount="0"/>
        <line num="3036" count="6" type="cond" truecount="1" falsecount="2"/>
        <line num="3037" count="6" type="cond" truecount="2" falsecount="2"/>
        <line num="3039" count="6" type="cond" truecount="2" falsecount="4"/>
        <line num="3040" count="0" type="stmt"/>
        <line num="3041" count="0" type="stmt"/>
        <line num="3042" count="0" type="stmt"/>
        <line num="3043" count="0" type="stmt"/>
        <line num="3044" count="0" type="stmt"/>
        <line num="3048" count="160" type="cond" truecount="2" falsecount="2"/>
        <line num="3049" count="0" type="stmt"/>
        <line num="3052" count="160" type="cond" truecount="2" falsecount="2"/>
        <line num="3053" count="160" type="cond" truecount="5" falsecount="0"/>
        <line num="3054" count="16" type="stmt"/>
        <line num="3055" count="16" type="cond" truecount="2" falsecount="0"/>
        <line num="3056" count="16" type="stmt"/>
        <line num="3059" count="144" type="stmt"/>
        <line num="3060" count="144" type="stmt"/>
        <line num="3061" count="144" type="stmt"/>
        <line num="3064" count="14" type="stmt"/>
        <line num="3065" count="0" type="stmt"/>
        <line num="3067" count="0" type="stmt"/>
        <line num="3068" count="0" type="stmt"/>
        <line num="3069" count="0" type="stmt"/>
        <line num="3070" count="0" type="cond" truecount="0" falsecount="2"/>
        <line num="3072" count="0" type="stmt"/>
        <line num="3073" count="0" type="cond" truecount="0" falsecount="2"/>
        <line num="3074" count="0" type="stmt"/>
        <line num="3075" count="0" type="stmt"/>
        <line num="3078" count="14" type="stmt"/>
        <line num="3079" count="0" type="cond" truecount="0" falsecount="2"/>
        <line num="3082" count="0" type="cond" truecount="0" falsecount="2"/>
        <line num="3083" count="0" type="stmt"/>
        <line num="3085" count="0" type="cond" truecount="0" falsecount="5"/>
        <line num="3086" count="0" type="stmt"/>
        <line num="3089" count="0" type="cond" truecount="0" falsecount="5"/>
        <line num="3090" count="0" type="stmt"/>
        <line num="3093" count="0" type="cond" truecount="0" falsecount="5"/>
        <line num="3099" count="0" type="stmt"/>
        <line num="3101" count="0" type="stmt"/>
        <line num="3104" count="0" type="cond" truecount="0" falsecount="2"/>
        <line num="3105" count="0" type="stmt"/>
        <line num="3109" count="0" type="stmt"/>
        <line num="3110" count="0" type="stmt"/>
        <line num="3117" count="14" type="cond" truecount="3" falsecount="1"/>
        <line num="3118" count="0" type="stmt"/>
        <line num="3120" count="0" type="stmt"/>
        <line num="3121" count="0" type="cond" truecount="0" falsecount="2"/>
        <line num="3122" count="0" type="stmt"/>
        <line num="3123" count="0" type="stmt"/>
        <line num="3126" count="0" type="cond" truecount="0" falsecount="2"/>
        <line num="3127" count="0" type="cond" truecount="0" falsecount="2"/>
        <line num="3128" count="0" type="cond" truecount="0" falsecount="2"/>
        <line num="3130" count="0" type="cond" truecount="0" falsecount="2"/>
        <line num="3131" count="0" type="cond" truecount="0" falsecount="2"/>
        <line num="3133" count="0" type="stmt"/>
        <line num="3136" count="0" type="cond" truecount="0" falsecount="2"/>
        <line num="3137" count="0" type="stmt"/>
        <line num="3140" count="0" type="cond" truecount="0" falsecount="2"/>
        <line num="3141" count="0" type="cond" truecount="0" falsecount="2"/>
        <line num="3142" count="0" type="cond" truecount="0" falsecount="2"/>
        <line num="3144" count="0" type="stmt"/>
        <line num="3146" count="0" type="cond" truecount="0" falsecount="2"/>
        <line num="3149" count="0" type="cond" truecount="0" falsecount="2"/>
        <line num="3150" count="0" type="cond" truecount="0" falsecount="2"/>
        <line num="3151" count="0" type="stmt"/>
        <line num="3153" count="0" type="stmt"/>
        <line num="3154" count="0" type="cond" truecount="0" falsecount="4"/>
        <line num="3159" count="0" type="cond" truecount="0" falsecount="4"/>
        <line num="3160" count="0" type="stmt"/>
        <line num="3161" count="0" type="stmt"/>
        <line num="3164" count="0" type="stmt"/>
        <line num="3165" count="0" type="stmt"/>
        <line num="3172" count="14" type="stmt"/>
        <line num="3173" count="166" type="stmt"/>
        <line num="3175" count="166" type="cond" truecount="1" falsecount="1"/>
        <line num="3176" count="0" type="stmt"/>
        <line num="3183" count="166" type="cond" truecount="2" falsecount="0"/>
        <line num="3184" count="8" type="stmt"/>
        <line num="3186" count="8" type="cond" truecount="2" falsecount="2"/>
        <line num="3187" count="0" type="stmt"/>
        <line num="3190" count="8" type="cond" truecount="3" falsecount="1"/>
        <line num="3191" count="0" type="stmt"/>
        <line num="3194" count="8" type="cond" truecount="1" falsecount="1"/>
        <line num="3195" count="0" type="stmt"/>
        <line num="3196" count="0" type="stmt"/>
        <line num="3197" count="0" type="stmt"/>
        <line num="3201" count="8" type="stmt"/>
        <line num="3202" count="8" type="stmt"/>
        <line num="3204" count="8" type="cond" truecount="2" falsecount="2"/>
        <line num="3205" count="0" type="stmt"/>
        <line num="3206" count="0" type="stmt"/>
        <line num="3207" count="0" type="cond" truecount="0" falsecount="2"/>
        <line num="3208" count="0" type="stmt"/>
        <line num="3212" count="8" type="cond" truecount="1" falsecount="1"/>
        <line num="3213" count="0" type="stmt"/>
        <line num="3215" count="8" type="stmt"/>
        <line num="3218" count="8" type="cond" truecount="1" falsecount="1"/>
        <line num="3219" count="8" type="stmt"/>
        <line num="3220" count="8" type="stmt"/>
        <line num="3229" count="158" type="cond" truecount="2" falsecount="4"/>
        <line num="3230" count="0" type="cond" truecount="0" falsecount="4"/>
        <line num="3231" count="0" type="stmt"/>
        <line num="3232" count="0" type="cond" truecount="0" falsecount="2"/>
        <line num="3233" count="0" type="stmt"/>
        <line num="3235" count="0" type="cond" truecount="0" falsecount="2"/>
        <line num="3236" count="0" type="stmt"/>
        <line num="3237" count="0" type="stmt"/>
        <line num="3238" count="0" type="stmt"/>
        <line num="3239" count="0" type="stmt"/>
        <line num="3240" count="0" type="cond" truecount="0" falsecount="2"/>
        <line num="3241" count="0" type="stmt"/>
        <line num="3242" count="0" type="stmt"/>
        <line num="3243" count="0" type="stmt"/>
        <line num="3245" count="0" type="cond" truecount="0" falsecount="4"/>
        <line num="3246" count="0" type="stmt"/>
        <line num="3248" count="0" type="stmt"/>
        <line num="3254" count="0" type="cond" truecount="0" falsecount="6"/>
        <line num="3255" count="0" type="stmt"/>
        <line num="3258" count="0" type="cond" truecount="0" falsecount="5"/>
        <line num="3259" count="0" type="stmt"/>
        <line num="3262" count="0" type="cond" truecount="0" falsecount="5"/>
        <line num="3263" count="0" type="stmt"/>
        <line num="3266" count="0" type="stmt"/>
        <line num="3267" count="0" type="stmt"/>
        <line num="3268" count="0" type="stmt"/>
        <line num="3276" count="158" type="cond" truecount="2" falsecount="2"/>
        <line num="3277" count="0" type="stmt"/>
        <line num="3278" count="0" type="stmt"/>
        <line num="3279" count="0" type="stmt"/>
        <line num="3280" count="0" type="stmt"/>
        <line num="3287" count="158" type="cond" truecount="1" falsecount="1"/>
        <line num="3288" count="0" type="cond" truecount="0" falsecount="2"/>
[...]
        <line num="521" count="0" type="stmt"/>
        <line num="528" count="0" type="stmt"/>
        <line num="531" count="0" type="cond" truecount="0" falsecount="2"/>
        <line num="532" count="0" type="stmt"/>
        <line num="533" count="0" type="stmt"/>
        <line num="537" count="0" type="cond" truecount="0" falsecount="4"/>
        <line num="539" count="0" type="stmt"/>
        <line num="540" count="0" type="stmt"/>
        <line num="541" count="0" type="stmt"/>
        <line num="542" count="0" type="cond" truecount="0" falsecount="2"/>
        <line num="543" count="0" type="stmt"/>
        <line num="548" count="0" type="cond" truecount="0" falsecount="2"/>
        <line num="553" count="0" type="stmt"/>
        <line num="554" count="0" type="stmt"/>
        <line num="557" count="0" type="stmt"/>
        <line num="558" count="0" type="stmt"/>
        <line num="561" count="0" type="cond" truecount="0" falsecount="4"/>
        <line num="572" count="0" type="cond" truecount="0" falsecount="2"/>
        <line num="573" count="0" type="stmt"/>
        <line num="574" count="0" type="stmt"/>
        <line num="575" count="0" type="stmt"/>
        <line num="576" count="0" type="stmt"/>
        <line num="578" count="0" type="stmt"/>
        <line num="579" count="0" type="stmt"/>
        <line num="582" count="0" type="stmt"/>
        <line num="583" count="0" type="cond" truecount="0" falsecount="4"/>
        <line num="584" count="0" type="cond" truecount="0" falsecount="2"/>
        <line num="585" count="0" type="cond" truecount="0" falsecount="2"/>
        <line num="586" count="0" type="cond" truecount="0" falsecount="2"/>
        <line num="587" count="0" type="stmt"/>
        <line num="589" count="0" type="cond" truecount="0" falsecount="2"/>
        <line num="590" count="0" type="stmt"/>
        <line num="592" count="0" type="cond" truecount="0" falsecount="2"/>
        <line num="593" count="0" type="stmt"/>
        <line num="595" count="0" type="cond" truecount="0" falsecount="2"/>
        <line num="596" count="0" type="stmt"/>
        <line num="598" count="0" type="stmt"/>
        <line num="600" count="0" type="stmt"/>
        <line num="602" count="0" type="stmt"/>
        <line num="603" count="0" type="stmt"/>
        <line num="604" count="0" type="cond" truecount="0" falsecount="2"/>
        <line num="605" count="0" type="stmt"/>
        <line num="606" count="0" type="cond" truecount="0" falsecount="2"/>
        <line num="607" count="0" type="stmt"/>
        <line num="609" count="0" type="cond" truecount="0" falsecount="4"/>
        <line num="610" count="0" type="cond" truecount="0" falsecount="2"/>
        <line num="611" count="0" type="cond" truecount="0" falsecount="2"/>
        <line num="612" count="0" type="stmt"/>
        <line num="614" count="0" type="cond" truecount="0" falsecount="2"/>
        <line num="615" count="0" type="stmt"/>
        <line num="616" count="0" type="stmt"/>
        <line num="619" count="0" type="cond" truecount="0" falsecount="2"/>
        <line num="621" count="0" type="cond" truecount="0" falsecount="3"/>
        <line num="623" count="0" type="cond" truecount="0" falsecount="4"/>
        <line num="624" count="0" type="stmt"/>
        <line num="625" count="0" type="cond" truecount="0" falsecount="3"/>
        <line num="626" count="0" type="cond" truecount="0" falsecount="3"/>
        <line num="627" count="0" type="cond" truecount="0" falsecount="2"/>
        <line num="636" count="0" type="cond" truecount="0" falsecount="2"/>
        <line num="637" count="0" type="stmt"/>
        <line num="638" count="0" type="stmt"/>
        <line num="639" count="0" type="cond" truecount="0" falsecount="2"/>
        <line num="640" count="0" type="cond" truecount="0" falsecount="2"/>
        <line num="641" count="0" type="stmt"/>
        <line num="643" count="0" type="stmt"/>
        <line num="646" count="0" type="stmt"/>
        <line num="647" count="0" type="cond" truecount="0" falsecount="2"/>
        <line num="648" count="0" type="stmt"/>
        <line num="649" count="0" type="stmt"/>
        <line num="650" count="0" type="cond" truecount="0" falsecount="2"/>
        <line num="651" count="0" type="cond" truecount="0" falsecount="2"/>
        <line num="652" count="0" type="stmt"/>
        <line num="654" count="0" type="stmt"/>
        <line num="657" count="0" type="stmt"/>
        <line num="659" count="0" type="cond" truecount="0" falsecount="3"/>
        <line num="662" count="0" type="cond" truecount="0" falsecount="2"/>
        <line num="664" count="0" type="stmt"/>
        <line num="666" count="0" type="stmt"/>
        <line num="670" count="0" type="stmt"/>
        <line num="671" count="0" type="stmt"/>
        <line num="672" count="0" type="stmt"/>
        <line num="674" count="0" type="cond" truecount="0" falsecount="2"/>
        <line num="679" count="0" type="cond" truecount="0" falsecount="2"/>
        <line num="680" count="0" type="stmt"/>
        <line num="682" count="0" type="stmt"/>
        <line num="683" count="0" type="stmt"/>
        <line num="684" count="0" type="stmt"/>
        <line num="685" count="0" type="stmt"/>
        <line num="686" count="0" type="cond" truecount="0" falsecount="2"/>
        <line num="692" count="0" type="cond" truecount="0" falsecount="2"/>
        <line num="693" count="0" type="stmt"/>
        <line num="694" count="0" type="stmt"/>
        <line num="701" count="0" type="cond" truecount="0" falsecount="4"/>
        <line num="704" count="0" type="cond" truecount="0" falsecount="2"/>
        <line num="705" count="0" type="stmt"/>
        <line num="706" count="0" type="stmt"/>
        <line num="707" count="0" type="stmt"/>
        <line num="710" count="0" type="stmt"/>
        <line num="711" count="0" type="stmt"/>
        <line num="713" count="0" type="cond" truecount="0" falsecount="4"/>
        <line num="714" count="0" type="stmt"/>
        <line num="718" count="0" type="stmt"/>
        <line num="719" count="0" type="stmt"/>
        <line num="722" count="0" type="cond" truecount="0" falsecount="2"/>
        <line num="727" count="0" type="stmt"/>
        <line num="729" count="0" type="cond" truecount="0" falsecount="2"/>
        <line num="730" count="0" type="stmt"/>
        <line num="732" count="0" type="stmt"/>
        <line num="734" count="0" type="stmt"/>
        <line num="735" count="0" type="stmt"/>
        <line num="743" count="0" type="stmt"/>
        <line num="745" count="0" type="cond" truecount="0" falsecount="6"/>
        <line num="753" count="0" type="stmt"/>
        <line num="754" count="0" type="stmt"/>
        <line num="755" count="0" type="stmt"/>
        <line num="756" count="0" type="cond" truecount="0" falsecount="2"/>
        <line num="757" count="0" type="stmt"/>
        <line num="758" count="0" type="cond" truecount="0" falsecount="2"/>
        <line num="759" count="0" type="stmt"/>
        <line num="760" count="0" type="stmt"/>
        <line num="761" count="0" type="cond" truecount="0" falsecount="2"/>
        <line num="762" count="0" type="stmt"/>
        <line num="763" count="0" type="stmt"/>
        <line num="768" count="0" type="cond" truecount="0" falsecount="4"/>
        <line num="769" count="0" type="stmt"/>
        <line num="770" count="0" type="stmt"/>
        <line num="774" count="0" type="cond" truecount="0" falsecount="2"/>
        <line num="779" count="0" type="stmt"/>
        <line num="782" count="0" type="cond" truecount="0" falsecount="4"/>
        <line num="783" count="0" type="stmt"/>
        <line num="787" count="0" type="cond" truecount="0" falsecount="3"/>
        <line num="790" count="0" type="cond" truecount="0" falsecount="2"/>
        <line num="791" count="0" type="cond" truecount="0" falsecount="4"/>
        <line num="792" count="0" type="stmt"/>
        <line num="799" count="0" type="cond" truecount="0" falsecount="4"/>
        <line num="802" count="0" type="cond" truecount="0" falsecount="2"/>
        <line num="803" count="0" type="stmt"/>
        <line num="804" count="0" type="stmt"/>
        <line num="805" count="0" type="stmt"/>
        <line num="809" count="0" type="cond" truecount="0" falsecount="3"/>
        <line num="811" count="0" type="cond" truecount="0" falsecount="4"/>
        <line num="812" count="0" type="stmt"/>
        <line num="815" count="0" type="cond" truecount="0" falsecount="2"/>
        <line num="816" count="0" type="stmt"/>
        <line num="818" count="0" type="stmt"/>
        <line num="819" count="0" type="stmt"/>
        <line num="823" count="0" type="cond" truecount="0" falsecount="4"/>
        <line num="824" count="0" type="stmt"/>
        <line num="828" count="0" type="cond" truecount="0" falsecount="2"/>
        <line num="829" count="0" type="cond" truecount="0" falsecount="2"/>
        <line num="830" count="0" type="stmt"/>
        <line num="831" count="0" type="stmt"/>
        <line num="834" count="2" type="stmt"/>
        <line num="835" count="0" type="stmt"/>
        <line num="836" count="0" type="stmt"/>
        <line num="837" count="0" type="cond" truecount="0" falsecount="2"/>
        <line num="838" count="0" type="stmt"/>
        <line num="839" count="0" type="cond" truecount="0" falsecount="2"/>
        <line num="840" count="0" type="stmt"/>
        <line num="842" count="0" type="stmt"/>
        <line num="844" count="0" type="cond" truecount="0" falsecount="2"/>
        <line num="845" count="0" type="stmt"/>
        <line num="849" count="2" type="stmt"/>
        <line num="850" count="2" type="stmt"/>
        <line num="851" count="2" type="stmt"/>
        <line num="852" count="2" type="stmt"/>
        <line num="855" count="15" type="cond" truecount="3" falsecount="0"/>
        <line num="859" count="15" type="cond" truecount="1" falsecount="1"/>
        <line num="860" count="0" type="stmt"/>
        <line num="862" count="15" type="stmt"/>
        <line num="863" count="15" type="stmt"/>
        <line num="864" count="1357" type="cond" truecount="1" falsecount="1"/>
        <line num="865" count="0" type="stmt"/>
        <line num="866" count="0" type="cond" truecount="0" falsecount="4"/>
        <line num="867" count="0" type="stmt"/>
        <line num="873" count="15" type="stmt"/>
        <line num="877" count="15" type="cond" truecount="1" falsecount="1"/>
        <line num="878" count="0" type="stmt"/>
        <line num="879" count="15" type="cond" truecount="1" falsecount="1"/>
        <line num="880" count="0" type="stmt"/>
        <line num="885" count="15" type="cond" truecount="1" falsecount="1"/>
        <line num="886" count="0" type="stmt"/>
        <line num="888" count="15" type="stmt"/>
        <line num="891" count="2" type="stmt"/>
        <line num="894" count="15" type="cond" truecount="1" falsecount="1"/>
        <line num="895" count="0" type="stmt"/>
        <line num="898" count="15" type="cond" truecount="1" falsecount="0"/>
        <line num="900" count="15" type="stmt"/>
        <line num="901" count="15" type="cond" truecount="1" falsecount="1"/>
        <line num="902" count="15" type="stmt"/>
        <line num="905" count="15" type="stmt"/>
        <line num="908" count="15" type="cond" truecount="1" falsecount="1"/>
        <line num="909" count="0" type="stmt"/>
        <line num="914" count="15" type="stmt"/>
        <line num="919" count="2" type="stmt"/>
        <line num="921" count="2" type="stmt"/>
      </file>
    </package>
    <package name="src.vite">
      <metrics statements="116" coveredstatements="116" conditionals="64" coveredconditionals="62" methods="22" coveredmethods="22"/>
      <file name="build-only.ts" path="/home/jenkins/agent/workspace/_glider_isomorphic-rollup_master/target/checkout/src/vite/build-only.ts">
        <metrics statements="19" coveredstatements="19" conditionals="10" coveredconditionals="10" methods="3" coveredmethods="3"/>
        <line num="3" count="1" type="stmt"/>
        <line num="4" count="8" type="stmt"/>
        <line num="6" count="8" type="stmt"/>
        <line num="7" count="8" type="stmt"/>
        <line num="9" count="8" type="stmt"/>
        <line num="10" count="16" type="cond" truecount="2" falsecount="0"/>
        <line num="11" count="8" type="stmt"/>
        <line num="12" count="8" type="cond" truecount="2" falsecount="0"/>
        <line num="13" count="1" type="stmt"/>
        <line num="14" count="1" type="stmt"/>
        <line num="16" count="7" type="stmt"/>
        <line num="17" count="6" type="cond" truecount="2" falsecount="0"/>
        <line num="18" count="3" type="stmt"/>
        <line num="22" count="8" type="stmt"/>
        <line num="25" count="8" type="stmt"/>
        <line num="29" count="6" type="stmt"/>
        <line num="30" count="6" type="cond" truecount="4" falsecount="0"/>
        <line num="31" count="1" type="stmt"/>
        <line num="35" count="8" type="stmt"/>
      </file>
      <file name="css-asset.ts" path="/home/jenkins/agent/workspace/_glider_isomorphic-rollup_master/target/checkout/src/vite/css-asset.ts">
        <metrics statements="41" coveredstatements="41" conditionals="25" coveredconditionals="24" methods="7" coveredmethods="7"/>
        <line num="2" count="1" type="stmt"/>
        <line num="3" count="1" type="stmt"/>
        <line num="15" count="1" type="stmt"/>
        <line num="18" count="16" type="stmt"/>
        <line num="19" count="16" type="stmt"/>
        <line num="20" count="16" type="stmt"/>
        <line num="23" count="4" type="stmt"/>
        <line num="24" count="4" type="cond" truecount="2" falsecount="0"/>
        <line num="25" count="3" type="stmt"/>
        <line num="26" count="3" type="stmt"/>
        <line num="28" count="4" type="stmt"/>
        <line num="31" count="16" type="stmt"/>
        <line num="35" count="5" type="stmt"/>
        <line num="36" count="5" type="stmt"/>
        <line num="37" count="5" type="stmt"/>
        <line num="38" count="6" type="cond" truecount="4" falsecount="0"/>
        <line num="39" count="3" type="stmt"/>
        <line num="41" count="3" type="cond" truecount="2" falsecount="0"/>
        <line num="42" count="1" type="stmt"/>
        <line num="44" count="2" type="stmt"/>
        <line num="48" count="11" type="stmt"/>
        <line num="49" count="11" type="cond" truecount="4" falsecount="0"/>
        <line num="50" count="1" type="stmt"/>
        <line num="57" count="5" type="cond" truecount="2" falsecount="0"/>
        <line num="58" count="4" type="stmt"/>
        <line num="59" count="4" type="cond" truecount="2" falsecount="0"/>
        <line num="61" count="3" type="stmt"/>
        <line num="62" count="3" type="stmt"/>
        <line num="63" count="3" type="cond" truecount="2" falsecount="0"/>
        <line num="65" count="2" type="stmt"/>
        <line num="66" count="2" type="stmt"/>
        <line num="71" count="2" type="stmt"/>
        <line num="75" count="3" type="cond" truecount="2" falsecount="0"/>
        <line num="77" count="2" type="stmt"/>
        <line num="78" count="2" type="cond" truecount="1" falsecount="1"/>
        <line num="79" count="2" type="stmt"/>
        <line num="81" count="2" type="cond" truecount="2" falsecount="0"/>
        <line num="83" count="1" type="stmt"/>
        <line num="84" count="1" type="stmt"/>
        <line num="85" count="1" type="stmt"/>
        <line num="87" count="1" type="stmt"/>
      </file>
      <file name="html.ts" path="/home/jenkins/agent/workspace/_glider_isomorphic-rollup_master/target/checkout/src/vite/html.ts">
        <metrics statements="42" coveredstatements="42" conditionals="23" coveredconditionals="22" methods="8" coveredmethods="8"/>
        <line num="2" count="1" type="stmt"/>
        <line num="3" count="1" type="stmt"/>
        <line num="4" count="1" type="stmt"/>
        <line num="5" count="1" type="stmt"/>
        <line num="7" count="1" type="stmt"/>
        <line num="10" count="1" type="stmt"/>
        <line num="13" count="1" type="stmt"/>
        <line num="26" count="4" type="stmt"/>
        <line num="27" count="4" type="stmt"/>
        <line num="28" count="7" type="cond" truecount="4" falsecount="0"/>
        <line num="29" count="3" type="stmt"/>
        <line num="31" count="3" type="cond" truecount="2" falsecount="0"/>
        <line num="32" count="2" type="stmt"/>
        <line num="33" count="2" type="stmt"/>
        <line num="37" count="4" type="stmt"/>
        <line num="41" count="2" type="stmt"/>
        <line num="42" count="5" type="cond" truecount="2" falsecount="0"/>
        <line num="47" count="3" type="stmt"/>
        <line num="49" count="2" type="stmt"/>
        <line num="53" count="2" type="stmt"/>
        <line num="54" count="2" type="cond" truecount="1" falsecount="1"/>
        <line num="56" count="2" type="stmt"/>
        <line num="57" count="2" type="stmt"/>
        <line num="58" count="2" type="stmt"/>
        <line num="59" count="2" type="stmt"/>
        <line num="62" count="2" type="stmt"/>
        <line num="70" count="1" type="stmt"/>
        <line num="73" count="13" type="stmt"/>
        <line num="74" count="13" type="stmt"/>
        <line num="76" count="13" type="stmt"/>
        <line num="80" count="13" type="stmt"/>
        <line num="83" count="3" type="cond" truecount="2" falsecount="0"/>
        <line num="84" count="2" type="stmt"/>
        <line num="102" count="2" type="cond" truecount="2" falsecount="0"/>
        <line num="103" count="1" type="stmt"/>
        <line num="106" count="2" type="cond" truecount="2" falsecount="0"/>
        <line num="107" count="1" type="stmt"/>
        <line num="110" count="6" type="cond" truecount="2" falsecount="0"/>
        <line num="111" count="4" type="stmt"/>
        <line num="113" count="4" type="stmt"/>
        <line num="114" count="4" type="cond" truecount="2" falsecount="0"/>
        <line num="115" count="2" type="stmt"/>
      </file>
      <file name="image-asset.ts" path="/home/jenkins/agent/workspace/_glider_isomorphic-rollup_master/target/checkout/src/vite/image-asset.ts">
        <metrics statements="14" coveredstatements="14" conditionals="6" coveredconditionals="6" methods="4" coveredmethods="4"/>
        <line num="2" count="1" type="stmt"/>
        <line num="9" count="5" type="stmt"/>
        <line num="10" count="5" type="cond" truecount="2" falsecount="0"/>
        <line num="13" count="1" type="stmt"/>
        <line num="16" count="5" type="stmt"/>
        <line num="17" count="5" type="stmt"/>
        <line num="21" count="5" type="stmt"/>
        <line num="22" count="5" type="stmt"/>
        <line num="23" count="5" type="stmt"/>
        <line num="24" count="5" type="cond" truecount="2" falsecount="0"/>
        <line num="25" count="3" type="stmt"/>
        <line num="27" count="2" type="cond" truecount="2" falsecount="0"/>
        <line num="28" count="1" type="stmt"/>
        <line num="30" count="1" type="stmt"/>
      </file>
    </package>
    <package name="src.web-fs-loader">
      <metrics statements="7" coveredstatements="7" conditionals="0" coveredconditionals="0" methods="3" coveredmethods="3"/>
      <file name="index.ts" path="/home/jenkins/agent/workspace/_glider_isomorphic-rollup_master/target/checkout/src/web-fs-loader/index.ts">
        <metrics statements="7" coveredstatements="7" conditionals="0" coveredconditionals="0" methods="3" coveredmethods="3"/>
        <line num="9" count="1" type="stmt"/>
        <line num="10" count="24" type="stmt"/>
        <line num="15" count="15" type="stmt"/>
        <line num="16" count="15" type="stmt"/>
        <line num="17" count="11" type="stmt"/>
        <line num="19" count="4" type="stmt"/>
        <line num="27" count="12" type="stmt"/>
      </file>
    </package>
  </project>
</coverage>
